This is pdfTeX, Version 3.14159265-2.6-1.40.20 (TeX Live 2019/Debian) (preloaded format=pdflatex 2020.11.3)  17 FEB 2021 10:50
entering extended mode
 restricted \write18 enabled.
 file:line:error style messages enabled.
 %&-line parsing enabled.
**StandardTemplate.cls
(./StandardTemplate.cls
LaTeX2e <2020-02-02> patch level 2
L3 programming layer <2020-02-14>

LaTeX Warning: You have requested package `',
               but the package provides `StandardTemplate'.

Package: StandardTemplate 
(/usr/share/texlive/texmf-dist/tex/latex/base/article.cls
Document Class: article 2019/12/20 v1.4l Standard LaTeX document class
(/usr/share/texlive/texmf-dist/tex/latex/base/size12.clo
File: size12.clo 2019/12/20 v1.4l Standard LaTeX file (size option)
)
\c@part=\count167
\c@section=\count168
\c@subsection=\count169
\c@subsubsection=\count170
\c@paragraph=\count171
\c@subparagraph=\count172
\c@figure=\count173
\c@table=\count174
\abovecaptionskip=\skip47
\belowcaptionskip=\skip48
\bibindent=\dimen134
)

./StandardTemplate.cls:8: LaTeX Error: \usepackage before \documentclass.

See the LaTeX manual or LaTeX Companion for explanation.
Type  H <return>  for immediate help.
 ...                                              
                                                  
l.8 \usepackage{
                lmodern}
\usepackage may only appear in the document preamble, i.e.,
between \documentclass and \begin{document}.


./StandardTemplate.cls:9: LaTeX Error: \usepackage before \documentclass.

See the LaTeX manual or LaTeX Companion for explanation.
Type  H <return>  for immediate help.
 ...                                              
                                                  
l.9 \usepackage[utf8]{
                      inputenc}
\usepackage may only appear in the document preamble, i.e.,
between \documentclass and \begin{document}.


./StandardTemplate.cls:10: LaTeX Error: \usepackage before \documentclass.

See the LaTeX manual or LaTeX Companion for explanation.
Type  H <return>  for immediate help.
 ...                                              
                                                  
l.10 \usepackage[T1]{
                     fontenc}
\usepackage may only appear in the document preamble, i.e.,
between \documentclass and \begin{document}.


./StandardTemplate.cls:11: LaTeX Error: \usepackage before \documentclass.

See the LaTeX manual or LaTeX Companion for explanation.
Type  H <return>  for immediate help.
 ...                                              
                                                  
l.11 \usepackage{
                 float}
\usepackage may only appear in the document preamble, i.e.,
between \documentclass and \begin{document}.


./StandardTemplate.cls:12: LaTeX Error: \usepackage before \documentclass.

See the LaTeX manual or LaTeX Companion for explanation.
Type  H <return>  for immediate help.
 ...                                              
                                                  
l.12 \usepackage{
                 graphicx}
\usepackage may only appear in the document preamble, i.e.,
between \documentclass and \begin{document}.


./StandardTemplate.cls:13: LaTeX Error: \usepackage before \documentclass.

See the LaTeX manual or LaTeX Companion for explanation.
Type  H <return>  for immediate help.
 ...                                              
                                                  
l.13 \usepackage{
                 courier}
\usepackage may only appear in the document preamble, i.e.,
between \documentclass and \begin{document}.


./StandardTemplate.cls:14: LaTeX Error: \usepackage before \documentclass.

See the LaTeX manual or LaTeX Companion for explanation.
Type  H <return>  for immediate help.
 ...                                              
                                                  
l.14 \usepackage{
                 amsmath, amssymb, amsthm}
\usepackage may only appear in the document preamble, i.e.,
between \documentclass and \begin{document}.


./StandardTemplate.cls:15: LaTeX Error: \usepackage before \documentclass.

See the LaTeX manual or LaTeX Companion for explanation.
Type  H <return>  for immediate help.
 ...                                              
                                                  
l.15 \usepackage{
                 subfloat}
\usepackage may only appear in the document preamble, i.e.,
between \documentclass and \begin{document}.


./StandardTemplate.cls:16: LaTeX Error: \usepackage before \documentclass.

See the LaTeX manual or LaTeX Companion for explanation.
Type  H <return>  for immediate help.
 ...                                              
                                                  
l.16 \usepackage{
                 parskip}
\usepackage may only appear in the document preamble, i.e.,
between \documentclass and \begin{document}.


./StandardTemplate.cls:17: LaTeX Error: \usepackage before \documentclass.

See the LaTeX manual or LaTeX Companion for explanation.
Type  H <return>  for immediate help.
 ...                                              
                                                  
l.17 \usepackage{
                 fancyhdr}
\usepackage may only appear in the document preamble, i.e.,
between \documentclass and \begin{document}.

./StandardTemplate.cls:36: Undefined control sequence.
<argument> \undefinedpagestyle 
                               
l.36 \pagestyle{fancy}
                      
The control sequence at the end of the top line
of your error message was never \def'ed. If you have
misspelled it (e.g., `\hobx'), type `I' and the correct
spelling (e.g., `I\hbox'). Otherwise just continue,
and I'll forget about whatever was undefined.

./StandardTemplate.cls:37: Undefined control sequence.
l.37 \fancyhf
             {}
The control sequence at the end of the top line
of your error message was never \def'ed. If you have
misspelled it (e.g., `\hobx'), type `I' and the correct
spelling (e.g., `I\hbox'). Otherwise just continue,
and I'll forget about whatever was undefined.

./StandardTemplate.cls:38: Undefined control sequence.
l.38 \rhead
           {Homework WQO}
The control sequence at the end of the top line
of your error message was never \def'ed. If you have
misspelled it (e.g., `\hobx'), type `I' and the correct
spelling (e.g., `I\hbox'). Otherwise just continue,
and I'll forget about whatever was undefined.


./StandardTemplate.cls:38: LaTeX Error: Missing \begin{document}.

See the LaTeX manual or LaTeX Companion for explanation.
Type  H <return>  for immediate help.
 ...                                              
                                                  
l.38 \rhead{H
             omework WQO}
You're in trouble here.  Try typing  <return>  to proceed.
If that doesn't work, type  X <return>  to quit.

./StandardTemplate.cls:39: Undefined control sequence.
l.39 \lhead
           {Thiago F Cesar}
The control sequence at the end of the top line
of your error message was never \def'ed. If you have
misspelled it (e.g., `\hobx'), type `I' and the correct
spelling (e.g., `I\hbox'). Otherwise just continue,
and I'll forget about whatever was undefined.

./StandardTemplate.cls:40: Undefined control sequence.
l.40 \cfoot
           { \thepage}
The control sequence at the end of the top line
of your error message was never \def'ed. If you have
misspelled it (e.g., `\hobx'), type `I' and the correct
spelling (e.g., `I\hbox'). Otherwise just continue,
and I'll forget about whatever was undefined.

./StandardTemplate.cls:44: Undefined control sequence.
l.44 \newtheoremstyle
                     {mystyle}%                % Name
The control sequence at the end of the top line
of your error message was never \def'ed. If you have
misspelled it (e.g., `\hobx'), type `I' and the correct
spelling (e.g., `I\hbox'). Otherwise just continue,
and I'll forget about whatever was undefined.


./StandardTemplate.cls:44: LaTeX Error: Missing \begin{document}.

See the LaTeX manual or LaTeX Companion for explanation.
Type  H <return>  for immediate help.
 ...                                              
                                                  
l.44 \newtheoremstyle{m
                       ystyle}%                % Name
You're in trouble here.  Try typing  <return>  to proceed.
If that doesn't work, type  X <return>  to quit.

./StandardTemplate.cls:52: Undefined control sequence.
l.52   {\thmname
                {#1}\thmnumber{ #2}\thmnote{ (#3)}}%                        ...
The control sequence at the end of the top line
of your error message was never \def'ed. If you have
misspelled it (e.g., `\hobx'), type `I' and the correct
spelling (e.g., `I\hbox'). Otherwise just continue,
and I'll forget about whatever was undefined.

./StandardTemplate.cls:52: You can't use `macro parameter character #' in horiz
ontal mode.
l.52   {\thmname{#
                  1}\thmnumber{ #2}\thmnote{ (#3)}}%                        ...
Sorry, but I'm not programmed to handle this case;
I'll just pretend that you didn't ask for it.
If you're in the wrong mode, you might be able to
return to the right one by typing `I}' or `I$' or `I\par'.

./StandardTemplate.cls:52: Undefined control sequence.
l.52   {\thmname{#1}\thmnumber
                              { #2}\thmnote{ (#3)}}%                        ...
The control sequence at the end of the top line
of your error message was never \def'ed. If you have
misspelled it (e.g., `\hobx'), type `I' and the correct
spelling (e.g., `I\hbox'). Otherwise just continue,
and I'll forget about whatever was undefined.

./StandardTemplate.cls:52: You can't use `macro parameter character #' in horiz
ontal mode.
l.52   {\thmname{#1}\thmnumber{ #
                                 2}\thmnote{ (#3)}}%                        ...
Sorry, but I'm not programmed to handle this case;
I'll just pretend that you didn't ask for it.
If you're in the wrong mode, you might be able to
return to the right one by typing `I}' or `I$' or `I\par'.

./StandardTemplate.cls:52: Undefined control sequence.
l.52   {\thmname{#1}\thmnumber{ #2}\thmnote
                                           { (#3)}}%                        ...
The control sequence at the end of the top line
of your error message was never \def'ed. If you have
misspelled it (e.g., `\hobx'), type `I' and the correct
spelling (e.g., `I\hbox'). Otherwise just continue,
and I'll forget about whatever was undefined.

./StandardTemplate.cls:52: You can't use `macro parameter character #' in horiz
ontal mode.
l.52   {\thmname{#1}\thmnumber{ #2}\thmnote{ (#
                                               3)}}%                        ...
Sorry, but I'm not programmed to handle this case;
I'll just pretend that you didn't ask for it.
If you're in the wrong mode, you might be able to
return to the right one by typing `I}' or `I$' or `I\par'.

./StandardTemplate.cls:54: Undefined control sequence.
l.54 \theoremstyle
                  {mystyle}
The control sequence at the end of the top line
of your error message was never \def'ed. If you have
misspelled it (e.g., `\hobx'), type `I' and the correct
spelling (e.g., `I\hbox'). Otherwise just continue,
and I'll forget about whatever was undefined.


./StandardTemplate.cls:54: LaTeX Error: Missing \begin{document}.

See the LaTeX manual or LaTeX Companion for explanation.
Type  H <return>  for immediate help.
 ...                                              
                                                  
l.54 \theoremstyle{m
                    ystyle}
You're in trouble here.  Try typing  <return>  to proceed.
If that doesn't work, type  X <return>  to quit.

\c@thm=\count175

./StandardTemplate.cls:57: LaTeX Error: No counter 'Section' defined.

See the LaTeX manual or LaTeX Companion for explanation.
Type  H <return>  for immediate help.
 ...                                              
                                                  
l.57 \newtheorem{thm}{Theorem}[Section]
                                       
Your command was ignored.
Type  I <command> <return>  to replace it with another command,
or  <return>  to continue without it.

\c@prop=\count176

./StandardTemplate.cls:58: LaTeX Error: No counter 'Section' defined.

See the LaTeX manual or LaTeX Companion for explanation.
Type  H <return>  for immediate help.
 ...                                              
                                                  
l.58 \newtheorem{prop}{Proposition}[Section]
                                            
Your command was ignored.
Type  I <command> <return>  to replace it with another command,
or  <return>  to continue without it.

\c@lem=\count177

./StandardTemplate.cls:59: LaTeX Error: No counter 'Section' defined.

See the LaTeX manual or LaTeX Companion for explanation.
Type  H <return>  for immediate help.
 ...                                              
                                                  
l.59 \newtheorem{lem}{Lemma}[Section]
                                     
Your command was ignored.
Type  I <command> <return>  to replace it with another command,
or  <return>  to continue without it.

\c@cor=\count178

./StandardTemplate.cls:60: LaTeX Error: No counter 'Section' defined.

See the LaTeX manual or LaTeX Companion for explanation.
Type  H <return>  for immediate help.
 ...                                              
                                                  
l.60 \newtheorem{cor}{Corollary}[Section]
                                         
Your command was ignored.
Type  I <command> <return>  to replace it with another command,
or  <return>  to continue without it.


./StandardTemplate.cls:61: LaTeX Error: Command \qedsymbol undefined.

See the LaTeX manual or LaTeX Companion for explanation.
Type  H <return>  for immediate help.
 ...                                              
                                                  
l.61 \renewcommand{\qedsymbol}
                              {$\blacksquare$}
Try typing  <return>  to proceed.
If that doesn't work, type  X <return>  to quit.

./StandardTemplate.cls:63: Undefined control sequence.
l.63 \newtheoremstyle
                     {definition}%                % Name
The control sequence at the end of the top line
of your error message was never \def'ed. If you have
misspelled it (e.g., `\hobx'), type `I' and the correct
spelling (e.g., `I\hbox'). Otherwise just continue,
and I'll forget about whatever was undefined.


./StandardTemplate.cls:63: LaTeX Error: Missing \begin{document}.

See the LaTeX manual or LaTeX Companion for explanation.
Type  H <return>  for immediate help.
 ...                                              
                                                  
l.63 \newtheoremstyle{d
                       efinition}%                % Name
You're in trouble here.  Try typing  <return>  to proceed.
If that doesn't work, type  X <return>  to quit.

LaTeX Font Info:    Font shape `OT1/cmss/m/it' in size <12> not available
(Font)              Font shape `OT1/cmss/m/sl' tried instead on input line 66.
./StandardTemplate.cls:71: Undefined control sequence.
l.71   {\thmname
                {#1}\thmnumber{ #2}\thmnote{ (#3)}}%                        ...
The control sequence at the end of the top line
of your error message was never \def'ed. If you have
misspelled it (e.g., `\hobx'), type `I' and the correct
spelling (e.g., `I\hbox'). Otherwise just continue,
and I'll forget about whatever was undefined.

./StandardTemplate.cls:71: You can't use `macro parameter character #' in horiz
ontal mode.
l.71   {\thmname{#
                  1}\thmnumber{ #2}\thmnote{ (#3)}}%                        ...
Sorry, but I'm not programmed to handle this case;
I'll just pretend that you didn't ask for it.
If you're in the wrong mode, you might be able to
return to the right one by typing `I}' or `I$' or `I\par'.

./StandardTemplate.cls:71: Undefined control sequence.
l.71   {\thmname{#1}\thmnumber
                              { #2}\thmnote{ (#3)}}%                        ...
The control sequence at the end of the top line
of your error message was never \def'ed. If you have
misspelled it (e.g., `\hobx'), type `I' and the correct
spelling (e.g., `I\hbox'). Otherwise just continue,
and I'll forget about whatever was undefined.

./StandardTemplate.cls:71: You can't use `macro parameter character #' in horiz
ontal mode.
l.71   {\thmname{#1}\thmnumber{ #
                                 2}\thmnote{ (#3)}}%                        ...
Sorry, but I'm not programmed to handle this case;
I'll just pretend that you didn't ask for it.
If you're in the wrong mode, you might be able to
return to the right one by typing `I}' or `I$' or `I\par'.

./StandardTemplate.cls:71: Undefined control sequence.
l.71   {\thmname{#1}\thmnumber{ #2}\thmnote
                                           { (#3)}}%                        ...
The control sequence at the end of the top line
of your error message was never \def'ed. If you have
misspelled it (e.g., `\hobx'), type `I' and the correct
spelling (e.g., `I\hbox'). Otherwise just continue,
and I'll forget about whatever was undefined.

./StandardTemplate.cls:71: You can't use `macro parameter character #' in horiz
ontal mode.
l.71   {\thmname{#1}\thmnumber{ #2}\thmnote{ (#
                                               3)}}%                        ...
Sorry, but I'm not programmed to handle this case;
I'll just pretend that you didn't ask for it.
If you're in the wrong mode, you might be able to
return to the right one by typing `I}' or `I$' or `I\par'.

./StandardTemplate.cls:73: Undefined control sequence.
l.73 \theoremstyle
                  {definition}
The control sequence at the end of the top line
of your error message was never \def'ed. If you have
misspelled it (e.g., `\hobx'), type `I' and the correct
spelling (e.g., `I\hbox'). Otherwise just continue,
and I'll forget about whatever was undefined.


./StandardTemplate.cls:73: LaTeX Error: Missing \begin{document}.

See the LaTeX manual or LaTeX Companion for explanation.
Type  H <return>  for immediate help.
 ...                                              
                                                  
l.73 \theoremstyle{d
                    efinition}
You're in trouble here.  Try typing  <return>  to proceed.
If that doesn't work, type  X <return>  to quit.

\c@definition=\count179

./StandardTemplate.cls:90: LaTeX Error: \usepackage before \documentclass.

See the LaTeX manual or LaTeX Companion for explanation.
Type  H <return>  for immediate help.
 ...                                              
                                                  
l.90 \usepackage{
                 hyperref}
\usepackage may only appear in the document preamble, i.e.,
between \documentclass and \begin{document}.

./StandardTemplate.cls:91: Undefined control sequence.
l.91 \hypersetup
                {
The control sequence at the end of the top line
of your error message was never \def'ed. If you have
misspelled it (e.g., `\hobx'), type `I' and the correct
spelling (e.g., `I\hbox'). Otherwise just continue,
and I'll forget about whatever was undefined.


./StandardTemplate.cls:92: LaTeX Error: Missing \begin{document}.

See the LaTeX manual or LaTeX Companion for explanation.
Type  H <return>  for immediate help.
 ...                                              
                                                  
l.92     c
          olorlinks,
You're in trouble here.  Try typing  <return>  to proceed.
If that doesn't work, type  X <return>  to quit.


Overfull \hbox (1.79315pt too wide) in paragraph at lines 92--98
[]\OT1/cmr/m/n/12 colorlinks, cite-color=black, file-color=black, link-color=bl
ue, url-color=cyan
 []


Underfull \hbox (badness 10000) in paragraph at lines 92--98

 []

)
! Emergency stop.
<*> StandardTemplate.cls
                        
*** (job aborted, no legal \end found)

 
Here is how much of TeX's memory you used:
 262 strings out of 483067
 2835 string characters out of 5962881
 231998 words of memory out of 5000000
 15386 multiletter control sequences out of 15000+600000
 533956 words of font info for 29 fonts, out of 8000000 for 9000
 61 hyphenation exceptions out of 8191
 24i,1n,21p,164b,84s stack positions out of 5000i,500n,10000p,200000b,80000s
!  ==> Fatal error occurred, no output PDF file produced!
